Arguments: 
  /usr/local/bin/node /usr/local/Cellar/yarn/1.22.0/libexec/bin/yarn.js add apollo-server apollo-server exporess express graphql cors

PATH: 
  /usr/local/bin:/usr/bin:/bin:/usr/sbin:/sbin

Yarn version: 
  1.22.0

Node version: 
  12.14.1

Platform: 
  darwin x64

Trace: 
  Error: https://registry.yarnpkg.com/exporess: Not found
      at Request.params.callback [as _callback] (/usr/local/Cellar/yarn/1.22.0/libexec/lib/cli.js:66975:18)
      at Request.self.callback (/usr/local/Cellar/yarn/1.22.0/libexec/lib/cli.js:140727:22)
      at Request.emit (events.js:223:5)
      at Request.<anonymous> (/usr/local/Cellar/yarn/1.22.0/libexec/lib/cli.js:141699:10)
      at Request.emit (events.js:223:5)
      at IncomingMessage.<anonymous> (/usr/local/Cellar/yarn/1.22.0/libexec/lib/cli.js:141621:12)
      at Object.onceWrapper (events.js:312:28)
      at IncomingMessage.emit (events.js:228:7)
      at endReadableNT (_stream_readable.js:1185:12)
      at processTicksAndRejections (internal/process/task_queues.js:81:21)

npm manifest: 
  {
    "name": "poker-planner",
    "version": "1.0.0",
    "description": "A collaborative planning app for complexity estimates",
    "main": "index.js",
    "author": "Elin Lütz",
    "license": "MIT"
  }

yarn manifest: 
  No manifest

Lockfile: 
  No lockfile
